TN:
SF:src\controllers\appointment.controller.js
FN:12,(anonymous_0)
FN:16,(anonymous_1)
FN:22,(anonymous_2)
FN:42,(anonymous_3)
FN:71,(anonymous_4)
FN:148,(anonymous_5)
FN:182,(anonymous_6)
FN:208,(anonymous_7)
FN:250,(anonymous_8)
FN:292,(anonymous_9)
FN:373,(anonymous_10)
FN:429,(anonymous_11)
FN:477,(anonymous_12)
FN:516,(anonymous_13)
FNF:14
FNH:10
FNDA:1,(anonymous_0)
FNDA:0,(anonymous_1)
FNDA:0,(anonymous_2)
FNDA:1,(anonymous_3)
FNDA:7,(anonymous_4)
FNDA:3,(anonymous_5)
FNDA:2,(anonymous_6)
FNDA:2,(anonymous_7)
FNDA:0,(anonymous_8)
FNDA:3,(anonymous_9)
FNDA:5,(anonymous_10)
FNDA:0,(anonymous_11)
FNDA:2,(anonymous_12)
FNDA:3,(anonymous_13)
DA:12,1
DA:13,1
DA:14,0
DA:16,0
DA:19,1
DA:20,0
DA:22,0
DA:25,1
DA:26,0
DA:32,1
DA:33,1
DA:42,1
DA:43,1
DA:44,1
DA:48,1
DA:49,1
DA:50,1
DA:52,1
DA:61,1
DA:63,0
DA:64,0
DA:71,1
DA:72,7
DA:73,7
DA:75,7
DA:76,1
DA:81,6
DA:82,6
DA:83,1
DA:86,5
DA:87,5
DA:88,1
DA:91,4
DA:92,4
DA:93,1
DA:96,3
DA:97,3
DA:98,1
DA:101,2
DA:110,2
DA:111,1
DA:116,1
DA:125,1
DA:127,1
DA:135,1
DA:141,0
DA:148,1
DA:149,3
DA:150,3
DA:152,3
DA:153,3
DA:155,3
DA:167,2
DA:175,1
DA:182,1
DA:183,2
DA:184,2
DA:186,2
DA:194,2
DA:195,1
DA:198,1
DA:201,0
DA:208,1
DA:209,2
DA:210,2
DA:211,2
DA:213,2
DA:214,2
DA:215,1
DA:218,1
DA:220,1
DA:231,1
DA:243,0
DA:250,1
DA:251,0
DA:252,0
DA:253,0
DA:255,0
DA:256,0
DA:257,0
DA:260,0
DA:262,0
DA:273,0
DA:285,0
DA:292,1
DA:293,3
DA:294,3
DA:295,3
DA:297,3
DA:298,3
DA:299,1
DA:302,2
DA:303,1
DA:306,1
DA:307,0
DA:308,0
DA:311,1
DA:312,0
DA:313,0
DA:316,1
DA:317,0
DA:318,0
DA:321,1
DA:325,0
DA:335,0
DA:336,0
DA:342,1
DA:343,1
DA:344,1
DA:345,1
DA:346,1
DA:347,1
DA:348,1
DA:350,1
DA:352,1
DA:360,1
DA:366,0
DA:373,1
DA:374,5
DA:375,5
DA:377,5
DA:378,5
DA:379,1
DA:382,4
DA:383,1
DA:386,3
DA:387,1
DA:390,2
DA:391,2
DA:392,1
DA:395,1
DA:407,1
DA:409,1
DA:416,1
DA:422,0
DA:429,1
DA:430,0
DA:431,0
DA:433,0
DA:439,0
DA:440,0
DA:443,0
DA:444,0
DA:447,0
DA:448,0
DA:451,0
DA:452,0
DA:453,0
DA:455,0
DA:464,0
DA:470,0
DA:477,1
DA:478,2
DA:479,2
DA:481,2
DA:482,2
DA:483,1
DA:486,1
DA:497,1
DA:509,0
DA:516,1
DA:517,3
DA:518,3
DA:520,3
DA:521,3
DA:522,1
DA:525,2
DA:526,1
DA:530,1
DA:536,1
DA:538,1
DA:548,0
LF:172
LH:124
BRDA:13,0,0,0
BRDA:13,0,1,1
BRDA:19,1,0,0
BRDA:19,1,1,1
BRDA:25,2,0,0
BRDA:25,2,1,1
BRDA:75,3,0,1
BRDA:75,3,1,6
BRDA:75,4,0,7
BRDA:75,4,1,6
BRDA:75,4,2,6
BRDA:75,4,3,6
BRDA:75,4,4,6
BRDA:82,5,0,1
BRDA:82,5,1,5
BRDA:87,6,0,1
BRDA:87,6,1,4
BRDA:92,7,0,1
BRDA:92,7,1,3
BRDA:97,8,0,1
BRDA:97,8,1,2
BRDA:110,9,0,1
BRDA:110,9,1,1
BRDA:150,10,0,2
BRDA:150,11,0,2
BRDA:152,12,0,1
BRDA:152,12,1,2
BRDA:194,13,0,1
BRDA:194,13,1,1
BRDA:211,14,0,2
BRDA:211,15,0,2
BRDA:214,16,0,1
BRDA:214,16,1,1
BRDA:253,17,0,0
BRDA:253,18,0,0
BRDA:256,19,0,0
BRDA:256,19,1,0
BRDA:298,20,0,1
BRDA:298,20,1,2
BRDA:302,21,0,1
BRDA:302,21,1,1
BRDA:306,22,0,0
BRDA:306,22,1,1
BRDA:308,23,0,0
BRDA:308,23,1,0
BRDA:311,24,0,0
BRDA:311,24,1,1
BRDA:313,25,0,0
BRDA:313,25,1,0
BRDA:316,26,0,0
BRDA:316,26,1,1
BRDA:318,27,0,0
BRDA:318,27,1,0
BRDA:321,28,0,0
BRDA:321,28,1,1
BRDA:321,29,0,1
BRDA:321,29,1,0
BRDA:321,29,2,1
BRDA:321,29,3,0
BRDA:321,29,4,1
BRDA:321,29,5,0
BRDA:327,30,0,0
BRDA:327,30,1,0
BRDA:328,31,0,0
BRDA:328,31,1,0
BRDA:329,32,0,0
BRDA:329,32,1,0
BRDA:335,33,0,0
BRDA:335,33,1,0
BRDA:343,34,0,0
BRDA:343,34,1,1
BRDA:344,35,0,0
BRDA:344,35,1,1
BRDA:345,36,0,0
BRDA:345,36,1,1
BRDA:346,37,0,0
BRDA:346,37,1,1
BRDA:347,38,0,0
BRDA:347,38,1,1
BRDA:348,39,0,1
BRDA:348,39,1,0
BRDA:378,40,0,1
BRDA:378,40,1,4
BRDA:382,41,0,1
BRDA:382,41,1,3
BRDA:386,42,0,1
BRDA:386,42,1,2
BRDA:391,43,0,1
BRDA:391,43,1,1
BRDA:439,44,0,0
BRDA:439,44,1,0
BRDA:443,45,0,0
BRDA:443,45,1,0
BRDA:447,46,0,0
BRDA:447,46,1,0
BRDA:482,47,0,1
BRDA:482,47,1,1
BRDA:521,48,0,1
BRDA:521,48,1,2
BRDA:525,49,0,1
BRDA:525,49,1,1
BRF:101
BRH:61
end_of_record
TN:
SF:src\controllers\auth.controller.js
FN:8,(anonymous_0)
FN:68,(anonymous_1)
FNF:2
FNH:1
FNDA:7,(anonymous_0)
FNDA:0,(anonymous_1)
DA:8,1
DA:9,7
DA:10,7
DA:12,7
DA:13,3
DA:19,4
DA:27,3
DA:28,1
DA:32,2
DA:34,2
DA:35,1
DA:39,1
DA:49,1
DA:61,1
DA:68,1
DA:69,0
DA:70,0
DA:71,0
DA:74,0
DA:78,0
DA:79,0
DA:83,0
DA:84,0
DA:85,0
DA:86,0
DA:88,0
DA:92,0
DA:93,0
DA:94,0
DA:95,0
DA:96,0
DA:98,0
DA:101,0
DA:103,0
DA:114,0
DA:115,0
LF:36
LH:15
BRDA:12,0,0,3
BRDA:12,0,1,4
BRDA:12,1,0,7
BRDA:12,1,1,5
BRDA:27,2,0,1
BRDA:27,2,1,2
BRDA:34,3,0,1
BRDA:34,3,1,1
BRDA:45,4,0,1
BRDA:45,4,1,0
BRDA:78,5,0,0
BRDA:78,5,1,0
BRDA:83,6,0,0
BRDA:83,6,1,0
BRDA:83,7,0,0
BRDA:83,7,1,0
BRDA:85,8,0,0
BRDA:85,8,1,0
BRDA:85,9,0,0
BRDA:85,9,1,0
BRDA:92,10,0,0
BRDA:92,10,1,0
BRDA:93,11,0,0
BRDA:93,11,1,0
BRDA:94,12,0,0
BRDA:94,12,1,0
BRDA:95,13,0,0
BRDA:95,13,1,0
BRDA:96,14,0,0
BRDA:96,14,1,0
BRF:30
BRH:9
end_of_record
TN:
SF:src\controllers\category.controller.js
FN:8,(anonymous_0)
FN:13,(anonymous_1)
FN:20,(anonymous_2)
FN:41,(anonymous_3)
FN:53,(anonymous_4)
FN:68,(anonymous_5)
FN:88,(anonymous_6)
FN:105,(anonymous_7)
FNF:8
FNH:8
FNDA:5,(anonymous_0)
FNDA:1,(anonymous_1)
FNDA:1,(anonymous_2)
FNDA:2,(anonymous_3)
FNDA:3,(anonymous_4)
FNDA:4,(anonymous_5)
FNDA:2,(anonymous_6)
FNDA:3,(anonymous_7)
DA:8,1
DA:10,5
DA:11,1
DA:13,1
DA:17,4
DA:18,1
DA:20,1
DA:24,3
DA:25,1
DA:32,2
DA:33,2
DA:41,1
DA:42,2
DA:43,2
DA:44,1
DA:46,1
DA:53,1
DA:54,3
DA:55,3
DA:57,2
DA:59,1
DA:61,1
DA:68,1
DA:69,4
DA:70,4
DA:72,4
DA:73,1
DA:76,3
DA:78,1
DA:80,2
DA:88,1
DA:89,2
DA:90,2
DA:92,2
DA:94,1
DA:96,1
DA:98,0
DA:105,1
DA:106,3
DA:107,3
DA:109,3
DA:112,2
DA:114,1
DA:117,1
LF:44
LH:43
BRDA:10,0,0,1
BRDA:10,0,1,4
BRDA:17,1,0,1
BRDA:17,1,1,3
BRDA:24,2,0,1
BRDA:24,2,1,2
BRDA:57,3,0,1
BRDA:57,3,1,1
BRDA:72,4,0,1
BRDA:72,4,1,3
BRDA:92,5,0,1
BRDA:92,5,1,1
BRDA:109,6,0,1
BRDA:109,6,1,2
BRF:14
BRH:14
end_of_record
TN:
SF:src\controllers\customer.controller.js
FN:12,(anonymous_0)
FN:16,(anonymous_1)
FN:22,(anonymous_2)
FN:38,(anonymous_3)
FN:55,(anonymous_4)
FN:74,(anonymous_5)
FN:102,(anonymous_6)
FN:116,(anonymous_7)
FN:140,(anonymous_8)
FN:265,(anonymous_9)
FNF:10
FNH:8
FNDA:2,(anonymous_0)
FNDA:0,(anonymous_1)
FNDA:0,(anonymous_2)
FNDA:2,(anonymous_3)
FNDA:2,(anonymous_4)
FNDA:4,(anonymous_5)
FNDA:2,(anonymous_6)
FNDA:3,(anonymous_7)
FNDA:9,(anonymous_8)
FNDA:3,(anonymous_9)
DA:12,1
DA:13,2
DA:14,0
DA:16,0
DA:19,2
DA:20,0
DA:22,0
DA:25,2
DA:26,1
DA:31,1
DA:32,1
DA:38,1
DA:39,2
DA:40,2
DA:46,1
DA:48,1
DA:55,1
DA:56,2
DA:57,2
DA:58,2
DA:63,2
DA:64,1
DA:66,0
DA:67,0
DA:74,1
DA:75,4
DA:76,4
DA:78,4
DA:79,1
DA:82,3
DA:83,3
DA:85,2
DA:86,2
DA:88,1
DA:93,1
DA:95,0
DA:102,1
DA:103,2
DA:104,2
DA:105,2
DA:106,1
DA:107,1
DA:109,0
DA:116,1
DA:117,3
DA:118,3
DA:119,3
DA:120,2
DA:121,1
DA:123,1
DA:140,1
DA:141,9
DA:142,9
DA:143,9
DA:159,9
DA:162,9
DA:167,8
DA:168,1
DA:169,1
DA:173,7
DA:174,7
DA:175,7
DA:176,7
DA:177,7
DA:178,7
DA:180,7
DA:183,6
DA:188,6
DA:189,0
DA:190,0
DA:191,0
DA:192,0
DA:193,0
DA:197,6
DA:198,0
DA:199,0
DA:200,0
DA:201,0
DA:206,6
DA:207,5
DA:208,1
DA:209,1
DA:211,4
DA:212,1
DA:213,1
DA:215,3
DA:216,1
DA:217,1
DA:220,2
DA:221,2
DA:222,2
DA:223,1
DA:224,1
DA:227,1
DA:228,1
DA:231,2
DA:234,2
DA:253,2
DA:254,2
DA:255,2
DA:256,1
DA:258,1
DA:265,1
DA:266,3
DA:267,3
DA:268,3
DA:274,2
DA:275,1
DA:277,1
DA:278,1
LF:110
LH:93
BRDA:13,0,0,0
BRDA:13,0,1,2
BRDA:19,1,0,0
BRDA:19,1,1,2
BRDA:25,2,0,1
BRDA:25,2,1,1
BRDA:63,3,0,1
BRDA:63,3,1,1
BRDA:78,4,0,1
BRDA:78,4,1,3
BRDA:78,5,0,4
BRDA:78,5,1,3
BRDA:78,5,2,3
BRDA:78,5,3,3
BRDA:78,5,4,3
BRDA:83,6,0,1
BRDA:83,6,1,2
BRDA:86,7,0,1
BRDA:86,7,1,1
BRDA:105,8,0,1
BRDA:105,8,1,1
BRDA:119,9,0,1
BRDA:119,9,1,2
BRDA:167,10,0,1
BRDA:167,10,1,7
BRDA:173,11,0,1
BRDA:173,11,1,6
BRDA:174,12,0,0
BRDA:174,12,1,7
BRDA:175,13,0,0
BRDA:175,13,1,7
BRDA:176,14,0,0
BRDA:176,14,1,7
BRDA:177,15,0,0
BRDA:177,15,1,7
BRDA:178,16,0,1
BRDA:178,16,1,6
BRDA:188,17,0,0
BRDA:188,17,1,6
BRDA:189,18,0,0
BRDA:189,18,1,0
BRDA:190,19,0,0
BRDA:190,19,1,0
BRDA:191,20,0,0
BRDA:191,20,1,0
BRDA:192,21,0,0
BRDA:192,21,1,0
BRDA:197,22,0,0
BRDA:197,22,1,6
BRDA:199,23,0,0
BRDA:199,23,1,0
BRDA:199,24,0,0
BRDA:199,24,1,0
BRDA:206,25,0,5
BRDA:206,25,1,1
BRDA:206,26,0,6
BRDA:206,26,1,5
BRDA:207,27,0,1
BRDA:207,27,1,4
BRDA:211,28,0,1
BRDA:211,28,1,3
BRDA:215,29,0,1
BRDA:215,29,1,2
BRDA:222,30,0,1
BRDA:222,30,1,1
BRDA:245,31,0,2
BRDA:245,31,1,2
BRDA:246,32,0,2
BRDA:246,32,1,2
BRDA:247,33,0,2
BRDA:247,33,1,2
BRDA:248,34,0,2
BRDA:248,34,1,2
BRDA:255,35,0,1
BRDA:255,35,1,1
BRDA:274,36,0,1
BRDA:274,36,1,1
BRF:77
BRH:57
end_of_record
TN:
SF:src\controllers\documentType.controller.js
FN:7,(anonymous_0)
FN:12,(anonymous_1)
FN:19,(anonymous_2)
FN:40,(anonymous_3)
FN:53,(anonymous_4)
FN:68,(anonymous_5)
FN:93,(anonymous_6)
FN:111,(anonymous_7)
FNF:8
FNH:7
FNDA:2,(anonymous_0)
FNDA:1,(anonymous_1)
FNDA:0,(anonymous_2)
FNDA:2,(anonymous_3)
FNDA:2,(anonymous_4)
FNDA:4,(anonymous_5)
FNDA:2,(anonymous_6)
FNDA:2,(anonymous_7)
DA:7,1
DA:9,2
DA:10,1
DA:12,1
DA:16,1
DA:17,0
DA:19,0
DA:23,1
DA:24,0
DA:31,1
DA:32,1
DA:40,1
DA:41,2
DA:42,2
DA:46,1
DA:48,1
DA:53,1
DA:54,2
DA:55,2
DA:57,2
DA:58,1
DA:61,1
DA:63,0
DA:68,1
DA:69,4
DA:70,4
DA:73,4
DA:74,2
DA:79,2
DA:85,1
DA:88,1
DA:93,1
DA:94,2
DA:95,2
DA:97,2
DA:98,1
DA:101,1
DA:103,1
DA:106,0
DA:111,1
DA:112,2
DA:113,2
DA:115,2
DA:116,1
DA:120,1
DA:122,1
DA:125,0
LF:47
LH:41
BRDA:9,0,0,1
BRDA:9,0,1,1
BRDA:16,1,0,0
BRDA:16,1,1,1
BRDA:23,2,0,0
BRDA:23,2,1,1
BRDA:57,3,0,1
BRDA:57,3,1,1
BRDA:73,4,0,2
BRDA:73,4,1,2
BRDA:73,5,0,4
BRDA:73,5,1,3
BRDA:82,6,0,2
BRDA:82,6,1,2
BRDA:97,7,0,1
BRDA:97,7,1,1
BRDA:115,8,0,1
BRDA:115,8,1,1
BRF:18
BRH:16
end_of_record
TN:
SF:src\controllers\examType.controller.js
FN:7,(anonymous_0)
FN:12,(anonymous_1)
FN:19,(anonymous_2)
FN:40,(anonymous_3)
FN:50,(anonymous_4)
FN:66,(anonymous_5)
FN:84,(anonymous_6)
FN:103,(anonymous_7)
FNF:8
FNH:7
FNDA:3,(anonymous_0)
FNDA:1,(anonymous_1)
FNDA:0,(anonymous_2)
FNDA:2,(anonymous_3)
FNDA:2,(anonymous_4)
FNDA:3,(anonymous_5)
FNDA:2,(anonymous_6)
FNDA:3,(anonymous_7)
DA:7,1
DA:9,3
DA:10,1
DA:12,1
DA:16,2
DA:17,0
DA:19,0
DA:23,2
DA:24,1
DA:31,1
DA:32,1
DA:40,1
DA:41,2
DA:42,2
DA:43,1
DA:45,1
DA:50,1
DA:51,2
DA:53,2
DA:55,2
DA:56,1
DA:59,1
DA:61,0
DA:66,1
DA:67,3
DA:68,3
DA:70,3
DA:71,1
DA:74,2
DA:76,1
DA:79,1
DA:84,1
DA:85,2
DA:87,2
DA:89,2
DA:90,1
DA:93,1
DA:95,1
DA:98,0
DA:103,1
DA:104,3
DA:106,3
DA:108,3
DA:109,1
DA:113,2
DA:115,1
DA:118,1
LF:47
LH:43
BRDA:9,0,0,1
BRDA:9,0,1,2
BRDA:16,1,0,0
BRDA:16,1,1,2
BRDA:23,2,0,1
BRDA:23,2,1,1
BRDA:55,3,0,1
BRDA:55,3,1,1
BRDA:70,4,0,1
BRDA:70,4,1,2
BRDA:89,5,0,1
BRDA:89,5,1,1
BRDA:108,6,0,1
BRDA:108,6,1,2
BRF:14
BRH:13
end_of_record
TN:
SF:src\controllers\formula.controller.js
FN:8,(anonymous_0)
FN:11,(anonymous_1)
FN:13,(anonymous_2)
FN:20,(anonymous_3)
FN:48,(anonymous_4)
FN:80,(anonymous_5)
FN:100,(anonymous_6)
FN:116,(anonymous_7)
FN:126,(anonymous_8)
FN:146,(anonymous_9)
FN:163,(anonymous_10)
FN:176,(anonymous_11)
FNF:12
FNH:10
FNDA:8,(anonymous_0)
FNDA:0,(anonymous_1)
FNDA:0,(anonymous_2)
FNDA:5,(anonymous_3)
FNDA:4,(anonymous_4)
FNDA:3,(anonymous_5)
FNDA:2,(anonymous_6)
FNDA:2,(anonymous_7)
FNDA:1,(anonymous_8)
FNDA:3,(anonymous_9)
FNDA:2,(anonymous_10)
FNDA:3,(anonymous_11)
DA:8,1
DA:9,8
DA:10,8
DA:11,0
DA:12,8
DA:13,0
DA:14,8
DA:15,0
DA:16,8
DA:20,1
DA:21,5
DA:22,5
DA:24,5
DA:25,1
DA:27,4
DA:28,3
DA:29,1
DA:31,2
DA:41,2
DA:43,1
DA:48,1
DA:49,4
DA:50,4
DA:51,4
DA:53,4
DA:54,1
DA:57,3
DA:58,2
DA:59,1
DA:63,1
DA:73,1
DA:75,1
DA:80,1
DA:81,3
DA:82,3
DA:84,3
DA:85,2
DA:86,1
DA:88,1
DA:93,1
DA:95,1
DA:100,1
DA:101,2
DA:102,2
DA:109,1
DA:111,1
DA:116,1
DA:117,2
DA:118,2
DA:125,1
DA:127,1
DA:132,1
DA:139,1
DA:141,1
DA:146,1
DA:147,3
DA:148,3
DA:154,2
DA:155,1
DA:156,1
DA:158,1
DA:163,1
DA:164,2
DA:165,2
DA:169,1
DA:171,1
DA:176,1
DA:177,3
DA:178,3
DA:179,2
DA:180,1
DA:181,1
DA:182,1
DA:184,1
LF:74
LH:71
BRDA:10,0,0,0
BRDA:10,0,1,8
BRDA:12,1,0,0
BRDA:12,1,1,8
BRDA:14,2,0,0
BRDA:14,2,1,8
BRDA:24,3,0,1
BRDA:24,3,1,4
BRDA:28,4,0,1
BRDA:28,4,1,2
BRDA:33,5,0,2
BRDA:33,5,1,1
BRDA:38,6,0,2
BRDA:38,6,1,2
BRDA:53,7,0,1
BRDA:53,7,1,3
BRDA:58,8,0,1
BRDA:58,8,1,1
BRDA:70,9,0,1
BRDA:70,9,1,1
BRDA:85,10,0,1
BRDA:85,10,1,1
BRDA:154,11,0,1
BRDA:154,11,1,1
BRDA:179,12,0,1
BRDA:179,12,1,1
BRF:26
BRH:23
end_of_record
TN:
SF:src\controllers\notification.controller.js
FN:9,(anonymous_0)
FN:13,(anonymous_1)
FN:19,(anonymous_2)
FN:39,(anonymous_3)
FN:82,(anonymous_4)
FN:114,(anonymous_5)
FN:185,(anonymous_6)
FN:247,(anonymous_7)
FN:280,(anonymous_8)
FN:304,(anonymous_9)
FN:338,(anonymous_10)
FN:350,(anonymous_11)
FN:375,(anonymous_12)
FNF:13
FNH:11
FNDA:1,(anonymous_0)
FNDA:0,(anonymous_1)
FNDA:0,(anonymous_2)
FNDA:3,(anonymous_3)
FNDA:2,(anonymous_4)
FNDA:5,(anonymous_5)
FNDA:4,(anonymous_6)
FNDA:2,(anonymous_7)
FNDA:2,(anonymous_8)
FNDA:2,(anonymous_9)
FNDA:2,(anonymous_10)
FNDA:2,(anonymous_11)
FNDA:2,(anonymous_12)
DA:9,1
DA:10,1
DA:11,0
DA:13,0
DA:16,1
DA:17,0
DA:19,0
DA:22,1
DA:23,0
DA:29,1
DA:30,1
DA:39,1
DA:40,3
DA:41,3
DA:43,3
DA:44,3
DA:45,3
DA:47,3
DA:49,3
DA:67,2
DA:75,1
DA:82,1
DA:83,2
DA:84,2
DA:86,2
DA:100,2
DA:101,1
DA:104,1
DA:107,0
DA:114,1
DA:115,5
DA:123,5
DA:126,5
DA:127,1
DA:133,4
DA:134,4
DA:135,1
DA:139,3
DA:140,1
DA:141,1
DA:142,1
DA:147,2
DA:148,2
DA:149,1
DA:155,1
DA:165,1
DA:172,1
DA:178,0
DA:185,1
DA:186,4
DA:187,4
DA:188,4
DA:191,4
DA:192,4
DA:193,1
DA:197,3
DA:198,1
DA:199,1
DA:200,1
DA:207,2
DA:208,2
DA:209,2
DA:210,1
DA:217,1
DA:218,1
DA:219,1
DA:220,1
DA:221,1
DA:224,1
DA:227,1
DA:234,1
DA:240,0
DA:247,1
DA:248,2
DA:249,2
DA:251,2
DA:252,2
DA:253,1
DA:256,1
DA:261,1
DA:267,1
DA:273,0
DA:280,1
DA:281,2
DA:282,2
DA:284,2
DA:285,2
DA:286,1
DA:289,1
DA:291,1
DA:297,0
DA:304,1
DA:305,2
DA:306,2
DA:307,2
DA:310,2
DA:311,2
DA:312,1
DA:315,1
DA:316,1
DA:318,1
DA:320,1
DA:330,1
DA:338,2
DA:343,0
DA:350,1
DA:351,2
DA:352,2
DA:354,2
DA:355,2
DA:356,1
DA:360,1
DA:362,1
DA:368,0
DA:375,1
DA:376,2
DA:377,2
DA:379,2
DA:380,2
DA:381,1
DA:385,1
DA:387,1
DA:392,0
LF:123
LH:110
BRDA:10,0,0,0
BRDA:10,0,1,1
BRDA:16,1,0,0
BRDA:16,1,1,1
BRDA:22,2,0,0
BRDA:22,2,1,1
BRDA:41,3,0,2
BRDA:41,4,0,2
BRDA:44,5,0,1
BRDA:44,5,1,2
BRDA:45,6,0,1
BRDA:45,6,1,2
BRDA:100,7,0,1
BRDA:100,7,1,1
BRDA:126,8,0,1
BRDA:126,8,1,4
BRDA:126,9,0,5
BRDA:126,9,1,4
BRDA:134,10,0,1
BRDA:134,10,1,3
BRDA:139,11,0,1
BRDA:139,11,1,2
BRDA:141,12,0,1
BRDA:141,12,1,0
BRDA:148,13,0,1
BRDA:148,13,1,1
BRDA:148,14,0,2
BRDA:148,14,1,2
BRDA:157,15,0,1
BRDA:157,15,1,1
BRDA:158,16,0,1
BRDA:158,16,1,0
BRDA:159,17,0,1
BRDA:159,17,1,1
BRDA:161,18,0,1
BRDA:161,18,1,1
BRDA:192,19,0,1
BRDA:192,19,1,3
BRDA:197,20,0,1
BRDA:197,20,1,2
BRDA:199,21,0,1
BRDA:199,21,1,0
BRDA:207,22,0,2
BRDA:207,22,1,0
BRDA:209,23,0,1
BRDA:209,23,1,1
BRDA:218,24,0,0
BRDA:218,24,1,1
BRDA:219,25,0,0
BRDA:219,25,1,1
BRDA:220,26,0,0
BRDA:220,26,1,1
BRDA:221,27,0,1
BRDA:221,27,1,0
BRDA:252,28,0,1
BRDA:252,28,1,1
BRDA:285,29,0,1
BRDA:285,29,1,1
BRDA:307,30,0,2
BRDA:307,31,0,2
BRDA:311,32,0,1
BRDA:311,32,1,1
BRDA:316,33,0,0
BRDA:316,33,1,1
BRDA:338,34,0,2
BRDA:338,34,1,2
BRDA:355,35,0,1
BRDA:355,35,1,1
BRDA:380,36,0,1
BRDA:380,36,1,1
BRF:70
BRH:58
end_of_record
TN:
SF:src\controllers\optometrist.controller.js
FN:10,(anonymous_0)
FN:15,(anonymous_1)
FN:22,(anonymous_2)
FN:35,(anonymous_3)
FN:65,(anonymous_4)
FN:99,(anonymous_5)
FN:148,(anonymous_6)
FN:166,(anonymous_7)
FNF:8
FNH:7
FNDA:2,(anonymous_0)
FNDA:1,(anonymous_1)
FNDA:0,(anonymous_2)
FNDA:2,(anonymous_3)
FNDA:2,(anonymous_4)
FNDA:5,(anonymous_5)
FNDA:2,(anonymous_6)
FNDA:2,(anonymous_7)
DA:10,1
DA:12,2
DA:13,1
DA:15,1
DA:19,1
DA:20,0
DA:22,0
DA:26,1
DA:27,1
DA:35,1
DA:36,2
DA:37,2
DA:56,1
DA:58,1
DA:65,1
DA:66,2
DA:67,2
DA:86,2
DA:87,1
DA:90,1
DA:92,0
DA:99,1
DA:100,5
DA:109,5
DA:111,5
DA:112,1
DA:117,4
DA:118,4
DA:119,1
DA:122,3
DA:123,3
DA:124,1
DA:127,2
DA:138,1
DA:141,1
DA:148,1
DA:149,2
DA:150,2
DA:152,2
DA:153,1
DA:156,1
DA:158,1
DA:160,0
DA:166,1
DA:167,2
DA:168,2
DA:170,2
DA:171,1
DA:175,1
DA:177,1
DA:179,0
LF:51
LH:46
BRDA:12,0,0,1
BRDA:12,0,1,1
BRDA:19,1,0,0
BRDA:19,1,1,1
BRDA:86,2,0,1
BRDA:86,2,1,1
BRDA:111,3,0,1
BRDA:111,3,1,4
BRDA:111,4,0,5
BRDA:111,4,1,4
BRDA:111,4,2,4
BRDA:111,4,3,4
BRDA:111,4,4,4
BRDA:111,4,5,4
BRDA:118,5,0,1
BRDA:118,5,1,3
BRDA:123,6,0,1
BRDA:123,6,1,2
BRDA:152,7,0,1
BRDA:152,7,1,1
BRDA:170,8,0,1
BRDA:170,8,1,1
BRF:22
BRH:21
end_of_record
TN:
SF:src\controllers\password.controller.js
FN:10,(anonymous_0)
FN:15,(anonymous_1)
FN:36,(anonymous_2)
FN:126,(anonymous_3)
FN:178,(anonymous_4)
FN:255,(anonymous_5)
FNF:6
FNH:5
FNDA:3,(anonymous_0)
FNDA:3,(anonymous_1)
FNDA:6,(anonymous_2)
FNDA:5,(anonymous_3)
FNDA:4,(anonymous_4)
FNDA:0,(anonymous_5)
DA:8,1
DA:10,1
DA:11,3
DA:15,1
DA:17,3
DA:23,3
DA:26,3
DA:27,2
DA:31,1
DA:32,1
DA:36,1
DA:37,6
DA:38,6
DA:40,6
DA:41,1
DA:48,5
DA:53,4
DA:54,1
DA:61,3
DA:62,3
DA:65,3
DA:72,3
DA:77,3
DA:79,3
DA:80,3
DA:82,3
DA:84,1
DA:86,1
DA:87,1
DA:88,1
DA:90,0
DA:91,0
DA:95,2
DA:96,2
DA:97,2
DA:101,3
DA:104,3
DA:106,3
DA:116,1
DA:117,1
DA:126,1
DA:127,5
DA:128,5
DA:130,5
DA:131,1
DA:137,4
DA:139,4
DA:140,2
DA:146,2
DA:147,1
DA:153,1
DA:154,0
DA:155,0
DA:161,1
DA:168,0
DA:169,0
DA:178,1
DA:179,4
DA:180,4
DA:182,4
DA:183,1
DA:189,3
DA:190,1
DA:196,2
DA:197,1
DA:203,1
DA:205,1
DA:206,0
DA:212,1
DA:213,0
DA:219,1
DA:220,0
DA:221,0
DA:228,1
DA:231,1
DA:237,1
DA:239,1
DA:245,0
DA:246,0
DA:255,1
DA:256,0
DA:257,0
DA:258,0
DA:259,0
LF:84
LH:68
BRDA:26,0,0,2
BRDA:26,0,1,1
BRDA:40,1,0,1
BRDA:40,1,1,5
BRDA:53,2,0,1
BRDA:53,2,1,3
BRDA:72,3,0,3
BRDA:72,3,1,0
BRDA:72,3,2,0
BRDA:82,4,0,1
BRDA:82,4,1,2
BRDA:86,5,0,1
BRDA:86,5,1,0
BRDA:109,6,0,3
BRDA:109,6,1,0
BRDA:130,7,0,1
BRDA:130,7,1,4
BRDA:130,8,0,5
BRDA:130,8,1,4
BRDA:139,9,0,2
BRDA:139,9,1,2
BRDA:146,10,0,1
BRDA:146,10,1,1
BRDA:153,11,0,0
BRDA:153,11,1,1
BRDA:182,12,0,1
BRDA:182,12,1,3
BRDA:182,13,0,4
BRDA:182,13,1,4
BRDA:182,13,2,3
BRDA:182,13,3,3
BRDA:189,14,0,1
BRDA:189,14,1,2
BRDA:196,15,0,1
BRDA:196,15,1,1
BRDA:205,16,0,0
BRDA:205,16,1,1
BRDA:212,17,0,0
BRDA:212,17,1,1
BRDA:219,18,0,0
BRDA:219,18,1,1
BRDA:258,19,0,0
BRDA:258,19,1,0
BRF:43
BRH:33
end_of_record
TN:
SF:src\controllers\paymentType.controller.js
FN:7,(anonymous_0)
FN:12,(anonymous_1)
FN:19,(anonymous_2)
FN:40,(anonymous_3)
FN:50,(anonymous_4)
FN:66,(anonymous_5)
FN:84,(anonymous_6)
FN:103,(anonymous_7)
FNF:8
FNH:7
FNDA:3,(anonymous_0)
FNDA:1,(anonymous_1)
FNDA:0,(anonymous_2)
FNDA:2,(anonymous_3)
FNDA:2,(anonymous_4)
FNDA:3,(anonymous_5)
FNDA:2,(anonymous_6)
FNDA:3,(anonymous_7)
DA:7,1
DA:9,3
DA:10,1
DA:12,1
DA:16,2
DA:17,0
DA:19,0
DA:23,2
DA:24,1
DA:31,1
DA:32,1
DA:40,1
DA:41,2
DA:42,2
DA:43,1
DA:45,1
DA:50,1
DA:51,2
DA:53,2
DA:55,2
DA:56,1
DA:59,1
DA:61,0
DA:66,1
DA:67,3
DA:68,3
DA:70,3
DA:71,1
DA:74,2
DA:76,1
DA:79,1
DA:84,1
DA:85,2
DA:87,2
DA:89,2
DA:90,1
DA:93,1
DA:95,1
DA:98,0
DA:103,1
DA:104,3
DA:106,3
DA:108,3
DA:109,1
DA:114,2
DA:116,1
DA:119,1
LF:47
LH:43
BRDA:9,0,0,1
BRDA:9,0,1,2
BRDA:16,1,0,0
BRDA:16,1,1,2
BRDA:23,2,0,1
BRDA:23,2,1,1
BRDA:55,3,0,1
BRDA:55,3,1,1
BRDA:70,4,0,1
BRDA:70,4,1,2
BRDA:89,5,0,1
BRDA:89,5,1,1
BRDA:108,6,0,1
BRDA:108,6,1,2
BRF:14
BRH:13
end_of_record
TN:
SF:src\controllers\product.controller.js
FN:8,(anonymous_0)
FN:12,(anonymous_1)
FN:18,(anonymous_2)
FN:35,(anonymous_3)
FN:66,(anonymous_4)
FN:87,(anonymous_5)
FN:142,(anonymous_6)
FN:217,(anonymous_7)
FN:255,(anonymous_8)
FN:285,(anonymous_9)
FNF:10
FNH:7
FNDA:1,(anonymous_0)
FNDA:0,(anonymous_1)
FNDA:0,(anonymous_2)
FNDA:3,(anonymous_3)
FNDA:2,(anonymous_4)
FNDA:6,(anonymous_5)
FNDA:0,(anonymous_6)
FNDA:4,(anonymous_7)
FNDA:2,(anonymous_8)
FNDA:2,(anonymous_9)
DA:8,1
DA:9,1
DA:10,0
DA:12,0
DA:15,1
DA:16,0
DA:18,0
DA:21,1
DA:22,0
DA:27,1
DA:28,1
DA:35,1
DA:36,3
DA:37,3
DA:38,3
DA:40,3
DA:42,3
DA:54,2
DA:61,1
DA:66,1
DA:67,2
DA:68,2
DA:76,2
DA:77,1
DA:80,1
DA:82,0
DA:87,1
DA:88,6
DA:89,6
DA:92,6
DA:95,6
DA:96,1
DA:101,5
DA:102,1
DA:105,4
DA:106,1
DA:110,3
DA:111,3
DA:112,1
DA:116,2
DA:127,2
DA:135,2
DA:137,0
DA:142,1
DA:143,0
DA:144,0
DA:145,0
DA:148,0
DA:149,0
DA:150,0
DA:154,0
DA:155,0
DA:156,0
DA:160,0
DA:161,0
DA:164,0
DA:165,0
DA:168,0
DA:169,0
DA:170,0
DA:171,0
DA:176,0
DA:177,0
DA:183,0
DA:184,0
DA:189,0
DA:190,0
DA:191,0
DA:192,0
DA:193,0
DA:194,0
DA:195,0
DA:196,0
DA:199,0
DA:202,0
DA:210,0
DA:212,0
DA:217,1
DA:218,4
DA:219,4
DA:220,4
DA:222,4
DA:223,1
DA:226,3
DA:227,1
DA:230,2
DA:231,2
DA:232,1
DA:235,1
DA:237,1
DA:245,1
DA:250,0
DA:255,1
DA:256,2
DA:257,2
DA:259,2
DA:260,2
DA:261,1
DA:265,1
DA:267,1
DA:275,1
DA:280,0
DA:285,1
DA:286,2
DA:287,2
DA:289,2
DA:290,2
DA:291,1
DA:295,1
DA:297,1
DA:305,1
DA:310,0
LF:112
LH:69
BRDA:9,0,0,0
BRDA:9,0,1,1
BRDA:15,1,0,0
BRDA:15,1,1,1
BRDA:21,2,0,0
BRDA:21,2,1,1
BRDA:37,3,0,2
BRDA:37,4,0,2
BRDA:38,5,0,1
BRDA:38,5,1,2
BRDA:76,6,0,1
BRDA:76,6,1,1
BRDA:92,7,0,1
BRDA:92,7,1,5
BRDA:95,8,0,1
BRDA:95,8,1,5
BRDA:95,9,0,6
BRDA:95,9,1,6
BRDA:95,9,2,5
BRDA:95,9,3,5
BRDA:101,10,0,1
BRDA:101,10,1,4
BRDA:101,11,0,5
BRDA:101,11,1,5
BRDA:105,12,0,1
BRDA:105,12,1,3
BRDA:105,13,0,4
BRDA:105,13,1,4
BRDA:105,13,2,3
BRDA:111,14,0,1
BRDA:111,14,1,2
BRDA:118,15,0,2
BRDA:118,15,1,2
BRDA:122,16,0,2
BRDA:122,16,1,2
BRDA:149,17,0,0
BRDA:149,17,1,0
BRDA:155,18,0,0
BRDA:155,18,1,0
BRDA:160,19,0,0
BRDA:160,19,1,0
BRDA:160,20,0,0
BRDA:160,20,1,0
BRDA:160,20,2,0
BRDA:164,21,0,0
BRDA:164,21,1,0
BRDA:164,22,0,0
BRDA:164,22,1,0
BRDA:164,22,2,0
BRDA:164,22,3,0
BRDA:168,23,0,0
BRDA:168,23,1,0
BRDA:170,24,0,0
BRDA:170,24,1,0
BRDA:176,25,0,0
BRDA:176,25,1,0
BRDA:176,26,0,0
BRDA:176,26,1,0
BRDA:183,27,0,0
BRDA:183,27,1,0
BRDA:190,28,0,0
BRDA:190,28,1,0
BRDA:191,29,0,0
BRDA:191,29,1,0
BRDA:192,30,0,0
BRDA:192,30,1,0
BRDA:193,31,0,0
BRDA:193,31,1,0
BRDA:194,32,0,0
BRDA:194,32,1,0
BRDA:195,33,0,0
BRDA:195,33,1,0
BRDA:196,34,0,0
BRDA:196,34,1,0
BRDA:222,35,0,1
BRDA:222,35,1,3
BRDA:226,36,0,1
BRDA:226,36,1,2
BRDA:226,37,0,3
BRDA:226,37,1,3
BRDA:226,37,2,2
BRDA:231,38,0,1
BRDA:231,38,1,1
BRDA:260,39,0,1
BRDA:260,39,1,1
BRDA:290,40,0,1
BRDA:290,40,1,1
BRF:87
BRH:45
end_of_record
TN:
SF:src\controllers\report.controller.js
FN:12,(anonymous_0)
FN:23,(anonymous_1)
FN:75,(anonymous_2)
FN:106,(anonymous_3)
FN:146,(anonymous_4)
FN:147,(anonymous_5)
FN:148,(anonymous_6)
FN:149,(anonymous_7)
FN:150,(anonymous_8)
FN:155,(anonymous_9)
FN:177,(anonymous_10)
FN:201,(anonymous_11)
FN:240,(anonymous_12)
FN:241,(anonymous_13)
FN:242,(anonymous_14)
FNF:15
FNH:15
FNDA:3,(anonymous_0)
FNDA:4,(anonymous_1)
FNDA:2,(anonymous_2)
FNDA:3,(anonymous_3)
FNDA:3,(anonymous_4)
FNDA:3,(anonymous_5)
FNDA:3,(anonymous_6)
FNDA:3,(anonymous_7)
FNDA:3,(anonymous_8)
FNDA:3,(anonymous_9)
FNDA:3,(anonymous_10)
FNDA:4,(anonymous_11)
FNDA:4,(anonymous_12)
FNDA:4,(anonymous_13)
FNDA:4,(anonymous_14)
DA:12,1
DA:13,3
DA:14,3
DA:23,1
DA:24,4
DA:25,4
DA:28,4
DA:29,1
DA:35,3
DA:36,3
DA:37,3
DA:38,1
DA:44,2
DA:67,1
DA:75,1
DA:77,2
DA:80,2
DA:83,2
DA:84,2
DA:87,1
DA:99,1
DA:106,1
DA:107,3
DA:108,3
DA:110,3
DA:111,1
DA:116,2
DA:117,2
DA:120,2
DA:144,1
DA:146,3
DA:147,3
DA:148,3
DA:149,3
DA:150,3
DA:154,1
DA:155,1
DA:156,3
DA:157,3
DA:158,2
DA:167,3
DA:168,3
DA:169,3
DA:170,3
DA:171,3
DA:172,3
DA:176,1
DA:177,1
DA:178,3
DA:179,3
DA:180,3
DA:183,1
DA:194,1
DA:201,1
DA:202,4
DA:203,4
DA:205,4
DA:210,4
DA:211,1
DA:215,4
DA:216,1
DA:221,4
DA:238,3
DA:240,4
DA:241,4
DA:242,4
DA:245,3
DA:254,1
LF:68
LH:68
BRDA:28,0,0,1
BRDA:28,0,1,3
BRDA:28,1,0,4
BRDA:28,1,1,3
BRDA:37,2,0,1
BRDA:37,2,1,2
BRDA:37,3,0,3
BRDA:37,3,1,2
BRDA:77,4,0,2
BRDA:77,4,1,2
BRDA:80,5,0,2
BRDA:80,5,1,1
BRDA:84,6,0,2
BRDA:84,6,1,1
BRDA:110,7,0,1
BRDA:110,7,1,2
BRDA:110,8,0,3
BRDA:110,8,1,2
BRDA:157,9,0,2
BRDA:157,9,1,1
BRDA:168,10,0,1
BRDA:168,10,1,2
BRDA:169,11,0,0
BRDA:169,11,1,3
BRDA:170,12,0,1
BRDA:170,12,1,2
BRDA:171,13,0,1
BRDA:171,13,1,2
BRDA:172,14,0,0
BRDA:172,14,1,3
BRDA:178,15,0,3
BRDA:178,15,1,0
BRDA:179,16,0,3
BRDA:179,16,1,0
BRDA:203,17,0,4
BRDA:210,18,0,1
BRDA:210,18,1,3
BRDA:210,19,0,4
BRDA:210,19,1,1
BRDA:215,20,0,1
BRDA:215,20,1,3
BRDA:215,21,0,4
BRDA:215,21,1,1
BRF:43
BRH:39
end_of_record
TN:
SF:src\controllers\role.controller.js
FN:6,(anonymous_0)
FN:12,(anonymous_1)
FN:20,(anonymous_2)
FN:36,(anonymous_3)
FN:49,(anonymous_4)
FN:68,(anonymous_5)
FN:86,(anonymous_6)
FN:129,(anonymous_7)
FNF:8
FNH:8
FNDA:2,(anonymous_0)
FNDA:1,(anonymous_1)
FNDA:1,(anonymous_2)
FNDA:2,(anonymous_3)
FNDA:2,(anonymous_4)
FNDA:3,(anonymous_5)
FNDA:3,(anonymous_6)
FNDA:3,(anonymous_7)
DA:6,1
DA:9,2
DA:10,1
DA:12,1
DA:17,1
DA:18,1
DA:20,1
DA:25,0
DA:26,0
DA:36,1
DA:37,2
DA:38,2
DA:39,1
DA:41,1
DA:49,1
DA:50,2
DA:51,2
DA:53,2
DA:54,1
DA:57,1
DA:59,0
DA:68,1
DA:69,3
DA:70,3
DA:72,3
DA:74,1
DA:77,2
DA:86,1
DA:87,3
DA:88,3
DA:89,3
DA:91,3
DA:93,3
DA:94,1
DA:98,2
DA:99,1
DA:105,1
DA:110,1
DA:116,0
DA:117,0
DA:129,1
DA:130,3
DA:131,3
DA:133,3
DA:134,1
DA:138,2
DA:140,1
DA:143,1
LF:48
LH:43
BRDA:9,0,0,1
BRDA:9,0,1,1
BRDA:17,1,0,1
BRDA:17,1,1,0
BRDA:53,2,0,1
BRDA:53,2,1,1
BRDA:93,3,0,1
BRDA:93,3,1,2
BRDA:98,4,0,1
BRDA:98,4,1,1
BRDA:98,5,0,2
BRDA:98,5,1,1
BRDA:133,6,0,1
BRDA:133,6,1,2
BRF:14
BRH:13
end_of_record
TN:
SF:src\controllers\sale.controller.js
FN:12,(anonymous_0)
FN:17,(anonymous_1)
FN:24,(anonymous_2)
FN:44,(anonymous_3)
FN:139,(anonymous_4)
FN:159,(anonymous_5)
FN:184,(anonymous_6)
FN:233,(anonymous_7)
FNF:8
FNH:5
FNDA:2,(anonymous_0)
FNDA:0,(anonymous_1)
FNDA:0,(anonymous_2)
FNDA:6,(anonymous_3)
FNDA:2,(anonymous_4)
FNDA:2,(anonymous_5)
FNDA:3,(anonymous_6)
FNDA:0,(anonymous_7)
DA:12,1
DA:14,2
DA:15,0
DA:17,0
DA:21,2
DA:22,0
DA:24,0
DA:28,2
DA:29,0
DA:36,2
DA:37,2
DA:44,1
DA:45,6
DA:47,6
DA:49,6
DA:51,6
DA:52,1
DA:56,5
DA:57,5
DA:58,1
DA:60,4
DA:61,4
DA:62,1
DA:66,3
DA:67,3
DA:69,3
DA:71,3
DA:73,3
DA:74,1
DA:77,2
DA:78,1
DA:82,1
DA:83,1
DA:88,1
DA:91,1
DA:103,1
DA:105,1
DA:116,1
DA:125,1
DA:126,1
DA:129,0
DA:131,0
DA:139,1
DA:140,2
DA:141,2
DA:150,1
DA:152,1
DA:159,1
DA:160,2
DA:161,2
DA:173,2
DA:175,1
DA:177,0
DA:184,1
DA:185,3
DA:187,3
DA:188,3
DA:192,3
DA:193,1
DA:194,1
DA:198,2
DA:199,1
DA:201,1
DA:202,1
DA:210,2
DA:216,2
DA:218,1
DA:220,1
DA:223,1
DA:224,1
DA:233,1
DA:234,0
DA:236,0
DA:244,0
DA:246,0
DA:247,0
DA:251,0
DA:252,0
DA:253,0
DA:257,0
DA:258,0
DA:260,0
DA:261,0
DA:263,0
DA:264,0
DA:267,0
DA:268,0
DA:273,0
DA:274,0
DA:278,0
DA:281,0
DA:297,0
DA:298,0
DA:308,0
DA:316,0
DA:318,0
DA:327,0
DA:328,0
LF:98
LH:63
BRDA:14,0,0,0
BRDA:14,0,1,2
BRDA:21,1,0,0
BRDA:21,1,1,2
BRDA:28,2,0,0
BRDA:28,2,1,2
BRDA:51,3,0,1
BRDA:51,3,1,5
BRDA:51,4,0,6
BRDA:51,4,1,6
BRDA:57,5,0,1
BRDA:57,5,1,4
BRDA:61,6,0,1
BRDA:61,6,1,3
BRDA:73,7,0,1
BRDA:73,7,1,2
BRDA:77,8,0,1
BRDA:77,8,1,1
BRDA:173,9,0,1
BRDA:173,9,1,1
BRDA:192,10,0,1
BRDA:192,10,1,2
BRDA:201,11,0,1
BRDA:201,11,1,0
BRDA:246,12,0,0
BRDA:246,12,1,0
BRDA:246,13,0,0
BRDA:246,13,1,0
BRDA:252,14,0,0
BRDA:252,14,1,0
BRDA:263,15,0,0
BRDA:263,15,1,0
BRDA:267,16,0,0
BRDA:267,16,1,0
BRDA:288,17,0,0
BRDA:288,17,1,0
BRDA:289,18,0,0
BRDA:289,18,1,0
BRDA:290,19,0,0
BRDA:290,19,1,0
BRDA:291,20,0,0
BRDA:291,20,1,0
BRF:42
BRH:20
end_of_record
TN:
SF:src\controllers\saleProduct.controller.js
FN:18,(anonymous_0)
FN:31,(anonymous_1)
FN:49,(anonymous_2)
FN:82,(anonymous_3)
FN:103,(anonymous_4)
FNF:5
FNH:5
FNDA:2,(anonymous_0)
FNDA:2,(anonymous_1)
FNDA:4,(anonymous_2)
FNDA:2,(anonymous_3)
FNDA:2,(anonymous_4)
DA:6,1
DA:18,1
DA:19,2
DA:20,2
DA:23,1
DA:25,1
DA:26,1
DA:31,1
DA:32,2
DA:33,2
DA:37,2
DA:38,1
DA:41,1
DA:43,0
DA:44,0
DA:49,1
DA:50,4
DA:51,4
DA:53,4
DA:54,1
DA:59,3
DA:66,1
DA:68,2
DA:71,2
DA:72,1
DA:77,1
DA:82,1
DA:83,2
DA:84,2
DA:86,2
DA:87,1
DA:91,1
DA:93,1
DA:95,1
DA:97,0
DA:98,0
DA:103,1
DA:104,2
DA:105,2
DA:107,2
DA:108,1
DA:111,1
DA:112,1
DA:114,0
DA:115,0
LF:45
LH:39
BRDA:37,0,0,1
BRDA:37,0,1,1
BRDA:53,1,0,1
BRDA:53,1,1,3
BRDA:53,2,0,4
BRDA:53,2,1,3
BRDA:53,2,2,3
BRDA:53,2,3,3
BRDA:71,3,0,1
BRDA:71,3,1,1
BRDA:86,4,0,1
BRDA:86,4,1,1
BRDA:107,5,0,1
BRDA:107,5,1,1
BRF:14
BRH:14
end_of_record
TN:
SF:src\controllers\user.controller.js
FN:17,(anonymous_0)
FN:21,(anonymous_1)
FN:27,(anonymous_2)
FN:40,(anonymous_3)
FN:106,(anonymous_4)
FN:149,(anonymous_5)
FN:168,(anonymous_6)
FN:188,(anonymous_7)
FN:226,(anonymous_8)
FN:262,(anonymous_9)
FN:282,(anonymous_10)
FNF:11
FNH:7
FNDA:2,(anonymous_0)
FNDA:1,(anonymous_1)
FNDA:0,(anonymous_2)
FNDA:5,(anonymous_3)
FNDA:4,(anonymous_4)
FNDA:2,(anonymous_5)
FNDA:2,(anonymous_6)
FNDA:0,(anonymous_7)
FNDA:0,(anonymous_8)
FNDA:3,(anonymous_9)
FNDA:0,(anonymous_10)
DA:17,1
DA:18,2
DA:19,1
DA:21,1
DA:24,1
DA:25,0
DA:27,0
DA:30,1
DA:31,1
DA:40,1
DA:41,5
DA:42,5
DA:43,5
DA:45,5
DA:46,1
DA:47,1
DA:50,4
DA:51,1
DA:52,1
DA:55,3
DA:56,3
DA:57,1
DA:58,1
DA:61,2
DA:62,2
DA:63,1
DA:64,1
DA:67,1
DA:69,1
DA:74,1
DA:79,1
DA:92,1
DA:94,1
DA:97,0
DA:98,0
DA:106,1
DA:107,4
DA:108,4
DA:109,4
DA:111,4
DA:112,1
DA:115,3
DA:116,3
DA:118,2
DA:120,2
DA:125,1
DA:136,1
DA:137,1
DA:140,1
DA:141,1
DA:149,1
DA:150,2
DA:151,2
DA:158,1
DA:160,1
DA:168,1
DA:169,2
DA:170,2
DA:177,2
DA:178,1
DA:180,0
DA:188,1
DA:189,0
DA:190,0
DA:191,0
DA:193,0
DA:194,0
DA:195,0
DA:197,0
DA:198,0
DA:199,0
DA:200,0
DA:203,0
DA:205,0
DA:206,0
DA:207,0
DA:208,0
DA:209,0
DA:213,0
DA:214,0
DA:215,0
DA:216,0
DA:217,0
DA:220,0
DA:221,0
DA:224,0
DA:225,0
DA:226,0
DA:227,0
DA:230,0
DA:231,0
DA:232,0
DA:233,0
DA:235,0
DA:239,0
DA:241,0
DA:249,0
DA:252,0
DA:253,0
DA:254,0
DA:262,1
DA:263,3
DA:264,3
DA:265,3
DA:266,3
DA:267,2
DA:268,1
DA:270,1
DA:282,1
DA:283,0
DA:284,0
DA:285,0
DA:287,0
DA:291,0
DA:292,0
DA:293,0
DA:296,0
DA:299,0
DA:300,0
DA:301,0
DA:305,0
DA:306,0
DA:307,0
DA:308,0
DA:309,0
DA:311,0
DA:312,0
DA:313,0
DA:315,0
DA:320,0
DA:322,0
DA:323,0
DA:325,0
DA:326,0
DA:327,0
DA:328,0
DA:331,0
DA:332,0
DA:333,0
DA:336,0
DA:339,0
DA:341,0
DA:349,0
DA:360,0
DA:361,0
DA:362,0
DA:363,0
DA:365,0
LF:148
LH:66
BRDA:18,0,0,1
BRDA:18,0,1,1
BRDA:24,1,0,0
BRDA:24,1,1,1
BRDA:45,2,0,1
BRDA:45,2,1,4
BRDA:45,3,0,5
BRDA:45,3,1,5
BRDA:45,3,2,4
BRDA:45,3,3,4
BRDA:50,4,0,1
BRDA:50,4,1,3
BRDA:56,5,0,1
BRDA:56,5,1,2
BRDA:62,6,0,1
BRDA:62,6,1,1
BRDA:75,7,0,1
BRDA:75,7,1,0
BRDA:86,8,0,1
BRDA:86,8,1,0
BRDA:111,9,0,1
BRDA:111,9,1,3
BRDA:111,10,0,4
BRDA:111,10,1,3
BRDA:111,10,2,3
BRDA:116,11,0,1
BRDA:116,11,1,2
BRDA:128,12,0,1
BRDA:128,12,1,1
BRDA:129,13,0,1
BRDA:129,13,1,1
BRDA:130,14,0,1
BRDA:130,14,1,1
BRDA:131,15,0,1
BRDA:131,15,1,1
BRDA:177,16,0,1
BRDA:177,16,1,1
BRDA:198,17,0,0
BRDA:198,17,1,0
BRDA:205,18,0,0
BRDA:205,18,1,0
BRDA:207,19,0,0
BRDA:207,19,1,0
BRDA:214,20,0,0
BRDA:214,20,1,0
BRDA:215,21,0,0
BRDA:215,21,1,0
BRDA:216,22,0,0
BRDA:216,22,1,0
BRDA:220,23,0,0
BRDA:220,23,1,0
BRDA:227,24,0,0
BRDA:227,24,1,0
BRDA:227,25,0,0
BRDA:227,25,1,0
BRDA:230,26,0,0
BRDA:230,26,1,0
BRDA:232,27,0,0
BRDA:232,27,1,0
BRDA:266,28,0,1
BRDA:266,28,1,2
BRDA:291,29,0,0
BRDA:291,29,1,0
BRDA:299,30,0,0
BRDA:299,30,1,0
BRDA:299,31,0,0
BRDA:299,31,1,0
BRDA:306,32,0,0
BRDA:306,32,1,0
BRDA:307,33,0,0
BRDA:307,33,1,0
BRDA:308,34,0,0
BRDA:308,34,1,0
BRDA:309,35,0,0
BRDA:309,35,1,0
BRDA:311,36,0,0
BRDA:311,36,1,0
BRDA:312,37,0,0
BRDA:312,37,1,0
BRDA:322,38,0,0
BRDA:322,38,1,0
BRDA:325,39,0,0
BRDA:325,39,1,0
BRDA:326,40,0,0
BRDA:326,40,1,0
BRDA:327,41,0,0
BRDA:327,41,1,0
BRDA:328,42,0,0
BRDA:328,42,1,0
BRDA:331,43,0,0
BRDA:331,43,1,0
BRDA:362,44,0,0
BRDA:362,44,1,0
BRF:93
BRH:36
end_of_record
TN:
SF:src\controllers\userEntity.controller.js
FN:6,(anonymous_0)
FN:44,(anonymous_1)
FN:68,(anonymous_2)
FN:96,(anonymous_3)
FN:130,(anonymous_4)
FNF:5
FNH:5
FNDA:3,(anonymous_0)
FNDA:2,(anonymous_1)
FNDA:2,(anonymous_2)
FNDA:2,(anonymous_3)
FNDA:2,(anonymous_4)
DA:6,1
DA:7,3
DA:8,3
DA:11,3
DA:12,2
DA:13,1
DA:19,1
DA:27,1
DA:34,1
DA:35,1
DA:44,1
DA:45,2
DA:46,2
DA:55,1
DA:62,1
DA:63,1
DA:68,1
DA:69,2
DA:70,2
DA:72,2
DA:76,2
DA:77,1
DA:83,1
DA:90,0
DA:91,0
DA:96,1
DA:97,2
DA:98,2
DA:99,2
DA:101,2
DA:103,2
DA:104,1
DA:110,1
DA:117,1
DA:124,0
DA:125,0
DA:130,1
DA:131,2
DA:132,2
DA:134,2
DA:136,2
DA:137,1
DA:143,1
DA:145,1
DA:151,0
DA:152,0
LF:46
LH:40
BRDA:12,0,0,1
BRDA:12,0,1,1
BRDA:76,1,0,1
BRDA:76,1,1,1
BRDA:103,2,0,1
BRDA:103,2,1,1
BRDA:136,3,0,1
BRDA:136,3,1,1
BRF:8
BRH:8
end_of_record
TN:
SF:src\middlewares\isAdmin.js
FN:2,(anonymous_0)
FNF:1
FNH:1
FNDA:7,(anonymous_0)
DA:2,1
DA:3,7
DA:4,7
DA:5,1
DA:15,6
DA:16,3
DA:22,3
DA:24,0
DA:25,0
LF:9
LH:7
BRDA:4,0,0,1
BRDA:4,0,1,6
BRDA:15,1,0,3
BRDA:15,1,1,3
BRDA:15,2,0,6
BRDA:15,2,1,0
BRF:6
BRH:5
end_of_record
TN:
SF:src\middlewares\isAdminOrEmployee.js
FN:2,(anonymous_0)
FNF:1
FNH:1
FNDA:6,(anonymous_0)
DA:2,1
DA:3,6
DA:4,6
DA:5,1
DA:12,5
DA:13,5
DA:15,5
DA:16,1
DA:22,4
DA:24,0
DA:25,0
LF:11
LH:9
BRDA:4,0,0,1
BRDA:4,0,1,5
BRDA:12,1,0,5
BRDA:12,1,1,0
BRDA:15,2,0,1
BRDA:15,2,1,4
BRF:6
BRH:5
end_of_record
TN:
SF:src\middlewares\isAdminOrOptometrist.js
FN:4,(anonymous_0)
FNF:1
FNH:1
FNDA:6,(anonymous_0)
DA:4,1
DA:5,6
DA:6,6
DA:7,1
DA:14,5
DA:15,5
DA:17,5
DA:18,2
DA:24,3
DA:26,0
DA:27,0
LF:11
LH:9
BRDA:6,0,0,1
BRDA:6,0,1,5
BRDA:14,1,0,5
BRDA:14,1,1,0
BRDA:17,2,0,2
BRDA:17,2,1,3
BRF:6
BRH:5
end_of_record
TN:
SF:src\middlewares\upload.js
FN:10,(anonymous_0)
FN:13,(anonymous_1)
FN:21,(anonymous_2)
FNF:3
FNH:0
FNDA:0,(anonymous_0)
FNDA:0,(anonymous_1)
FNDA:0,(anonymous_2)
DA:5,1
DA:6,1
DA:9,1
DA:11,0
DA:14,0
DA:15,0
DA:16,0
DA:21,1
DA:22,0
DA:23,0
DA:24,0
DA:26,0
DA:27,0
DA:29,0
DA:33,1
LF:15
LH:5
BRDA:26,0,0,0
BRDA:26,0,1,0
BRDA:26,1,0,0
BRDA:26,1,1,0
BRF:4
BRH:0
end_of_record
TN:
SF:src\middlewares\uploadFormula.js
FN:20,(anonymous_0)
FN:23,(anonymous_1)
FN:30,(anonymous_2)
FNF:3
FNH:0
FNDA:0,(anonymous_0)
FNDA:0,(anonymous_1)
FNDA:0,(anonymous_2)
DA:7,1
DA:8,1
DA:11,1
DA:14,1
DA:15,0
DA:16,0
DA:19,1
DA:21,0
DA:24,0
DA:25,0
DA:26,0
DA:30,1
DA:31,0
DA:32,0
DA:33,0
DA:35,0
DA:39,1
LF:17
LH:7
BRDA:14,0,0,0
BRDA:14,0,1,1
BRDA:32,1,0,0
BRDA:32,1,1,0
BRF:4
BRH:1
end_of_record
TN:
SF:src\middlewares\verifyToken.js
FN:12,(anonymous_0)
FN:14,(anonymous_1)
FNF:2
FNH:2
FNDA:7,(anonymous_0)
FNDA:30,(anonymous_1)
DA:4,1
DA:12,1
DA:14,30
DA:17,7
DA:18,3
DA:22,4
DA:23,4
DA:25,4
DA:26,1
DA:29,3
DA:31,1
DA:33,1
DA:35,2
LF:13
LH:13
BRDA:17,0,0,3
BRDA:17,0,1,4
BRDA:25,1,0,1
BRDA:25,1,1,3
BRDA:29,2,0,3
BRDA:29,2,1,0
BRF:6
BRH:5
end_of_record
TN:
SF:src\models\appointment.model.js
FNF:0
FNH:0
DA:7,1
LF:1
LH:1
BRF:0
BRH:0
end_of_record
TN:
SF:src\models\category.model.js
FNF:0
FNH:0
DA:6,1
LF:1
LH:1
BRF:0
BRH:0
end_of_record
TN:
SF:src\models\customer.model.js
FNF:0
FNH:0
DA:7,1
LF:1
LH:1
BRF:0
BRH:0
end_of_record
TN:
SF:src\models\documentType.model.js
FNF:0
FNH:0
DA:7,1
LF:1
LH:1
BRF:0
BRH:0
end_of_record
TN:
SF:src\models\examType.model.js
FNF:0
FNH:0
DA:7,1
LF:1
LH:1
BRF:0
BRH:0
end_of_record
TN:
SF:src\models\formula.model.js
FNF:0
FNH:0
DA:7,1
LF:1
LH:1
BRF:0
BRH:0
end_of_record
TN:
SF:src\models\notification.model.js
FNF:0
FNH:0
DA:7,1
LF:1
LH:1
BRF:0
BRH:0
end_of_record
TN:
SF:src\models\optometrist.model.js
FNF:0
FNH:0
DA:7,1
LF:1
LH:1
BRF:0
BRH:0
end_of_record
TN:
SF:src\models\paymentType.model.js
FNF:0
FNH:0
DA:7,1
LF:1
LH:1
BRF:0
BRH:0
end_of_record
TN:
SF:src\models\product.model.js
FNF:0
FNH:0
DA:6,1
LF:1
LH:1
BRF:0
BRH:0
end_of_record
TN:
SF:src\models\role.model.js
FNF:0
FNH:0
DA:7,1
LF:1
LH:1
BRF:0
BRH:0
end_of_record
TN:
SF:src\models\sale.model.js
FNF:0
FNH:0
DA:7,1
LF:1
LH:1
BRF:0
BRH:0
end_of_record
TN:
SF:src\models\saleProduct.model.js
FNF:0
FNH:0
DA:7,1
LF:1
LH:1
BRF:0
BRH:0
end_of_record
TN:
SF:src\models\user.model.js
FNF:0
FNH:0
DA:7,1
LF:1
LH:1
BRF:0
BRH:0
end_of_record
TN:
SF:src\models\userEntity.model.js
FNF:0
FNH:0
DA:7,1
LF:1
LH:1
BRF:0
BRH:0
end_of_record
TN:
SF:src\routers\appointment.router.js
FNF:0
FNH:0
DA:17,1
DA:24,1
DA:27,1
DA:30,1
DA:33,1
DA:43,1
DA:46,1
DA:49,1
DA:52,1
LF:9
LH:9
BRF:0
BRH:0
end_of_record
TN:
SF:src\routers\category.router.js
FNF:0
FNH:0
DA:7,1
DA:10,1
DA:13,1
DA:16,1
DA:19,1
DA:22,1
LF:6
LH:6
BRF:0
BRH:0
end_of_record
TN:
SF:src\routers\customer.router.js
FNF:0
FNH:0
DA:17,1
DA:20,1
DA:23,1
DA:26,1
DA:29,1
DA:32,1
DA:35,1
DA:38,1
LF:8
LH:8
BRF:0
BRH:0
end_of_record
TN:
SF:src\routers\documentType.router.js
FNF:0
FNH:0
DA:5,1
DA:7,1
DA:8,1
DA:9,1
DA:10,1
DA:11,1
LF:6
LH:6
BRF:0
BRH:0
end_of_record
TN:
SF:src\routers\examType.js
FNF:0
FNH:0
DA:5,1
DA:7,1
DA:8,1
DA:9,1
DA:10,1
DA:11,1
LF:6
LH:6
BRF:0
BRH:0
end_of_record
TN:
SF:src\routers\formula.router.js
FNF:0
FNH:0
DA:9,1
DA:12,1
DA:15,1
DA:18,1
DA:22,1
DA:25,1
DA:28,1
DA:31,1
DA:34,1
LF:9
LH:9
BRF:0
BRH:0
end_of_record
TN:
SF:src\routers\notification.router.js
FNF:0
FNH:0
DA:18,1
DA:21,1
DA:24,1
DA:27,1
DA:30,1
DA:33,1
DA:36,1
DA:39,1
DA:42,1
DA:45,1
LF:10
LH:10
BRF:0
BRH:0
end_of_record
TN:
SF:src\routers\optometrist.router.js
FNF:0
FNH:0
DA:7,1
DA:10,1
DA:13,1
DA:16,1
DA:19,1
DA:22,1
LF:6
LH:6
BRF:0
BRH:0
end_of_record
TN:
SF:src\routers\password.router.js
FNF:0
FNH:0
DA:8,1
DA:11,1
DA:12,1
DA:13,1
LF:4
LH:4
BRF:0
BRH:0
end_of_record
TN:
SF:src\routers\paymentType.router.js
FNF:0
FNH:0
DA:7,1
DA:10,1
DA:13,1
DA:16,1
DA:19,1
DA:22,1
LF:6
LH:6
BRF:0
BRH:0
end_of_record
TN:
SF:src\routers\product.router.js
FNF:0
FNH:0
DA:15,1
DA:22,1
DA:25,1
DA:33,1
DA:36,1
DA:39,1
DA:42,1
DA:45,1
LF:8
LH:8
BRF:0
BRH:0
end_of_record
TN:
SF:src\routers\report.router.js
FNF:0
FNH:0
DA:10,1
DA:13,1
DA:17,1
DA:21,1
DA:25,1
LF:5
LH:5
BRF:0
BRH:0
end_of_record
TN:
SF:src\routers\role.router.js
FNF:0
FNH:0
DA:7,1
DA:10,1
DA:13,1
DA:16,1
DA:19,1
DA:22,1
LF:6
LH:6
BRF:0
BRH:0
end_of_record
TN:
SF:src\routers\sale.router.js
FNF:0
FNH:0
DA:8,1
DA:11,1
DA:14,1
DA:17,1
DA:20,1
DA:23,1
LF:6
LH:6
BRF:0
BRH:0
end_of_record
TN:
SF:src\routers\saleProduct.router.js
FNF:0
FNH:0
DA:8,1
DA:11,1
DA:14,1
DA:17,1
DA:20,1
DA:23,1
LF:6
LH:6
BRF:0
BRH:0
end_of_record
TN:
SF:src\routers\user.router.js
FNF:0
FNH:0
DA:18,1
DA:25,1
DA:28,1
DA:31,1
DA:38,1
DA:41,1
DA:46,1
DA:49,1
DA:52,1
LF:9
LH:9
BRF:0
BRH:0
end_of_record
